[LOG] SystemI::init                            : FMOD Studio Version: 00010706 (71893)
[LOG] SystemI::init                            : maxchannels = 1024, flags = 00030000, extradriverdata = 0x0
[LOG] SystemI::close                           : 
[LOG] SystemI::close                           : Stop all sounds
[LOG] SystemI::close                           : Remove miscllaneous DSP stuff.
[LOG] SystemI::close                           : done.

[LOG] OutputCoreAudio::enumerate               : Enumerating...
[LOG] OutputCoreAudio::enumerate               : Found output driver: "Built-in Output".
[LOG] OutputCoreAudio::enumerate               : Found output driver: "HDMI".
[LOG] OutputCoreAudio::enumerate               : Found output driver: "Scarlett 18i20 USB".
[LOG] OutputCoreAudio::enumerate               : Found output driver: "ComputerAudio".
[LOG] OutputCoreAudio::enumerate               : Done.
[LOG] OutputCoreAudio::init                    : Output running 2 channels at 44100Hz sample rate.
[LOG] OutputCoreAudio::init                    : Maximum hardware read size: 1024 samples, Software buffer size: 512 samples, Number of software buffers: 4.
[WRN] SystemI::init                            : Output requires a sample rate of 44100Hz, resampling will occur.
[LOG] Thread::initThread                       : Initializing FMOD mixer thread.  priority 3
[LOG] Thread::initThread                       : - Stacksize 49152.  Stack pointer 0x0 : usesemaphore = 1 : sleeptime = 0
[LOG] Thread::callback                         : * FMOD mixer thread started
[LOG] SystemI::init                            : Set up emulated output
[LOG] SystemI::init                            : create the channel pool
[LOG] SystemI::init                            : Set up streamer
[LOG] Thread::initThread                       : Initializing FMOD stream thread.  priority 2
[LOG] Thread::initThread                       : - Stacksize 65536.  Stack pointer 0x0 : usesemaphore = 0 : sleeptime = 10
[LOG] Thread::callback                         : * FMOD stream thread started
[LOG] Thread::initThread                       : Initializing FMOD Studio update thread.  priority 0
[LOG] Thread::initThread                       : - Stacksize 65536.  Stack pointer 0x0 : usesemaphore = 0 : sleeptime = 1
[LOG] Thread::callback                         : * FMOD Studio update thread started
[LOG] LiveUpdate::init                         : 
[LOG] Thread::initThread                       : Initializing FMOD Studio load thread.  priority 0
[LOG] Thread::initThread                       : - Stacksize 65536.  Stack pointer 0x0 : usesemaphore = 0 : sleeptime = 1
[LOG] Thread::callback                         : * FMOD Studio load thread started
[LOG] Profile::init                            : Profiler listening on port: 9264
[LOG] Manager::readBank                        : fileversion = 68, compatVersion = 68 (oldest = 44, newest = 68)
[LOG] Manager::readBank                        : fileversion = 68, compatVersion = 68 (oldest = 44, newest = 68)
[LOG] SystemI::createSound                     : filename = Assets/Audio Banks/Mobile/Uncompressed.bank : mode 0a010202
[LOG] SystemI::createSound                     : FMOD_NONBLOCKING specified.  Putting into queue to be opened asynchronously!
[LOG] OutputSoftware::createSample             : lengthpcm 0, lengthbytes 0, channels 0, format 0, freq 0, mode 00000000
[LOG] Thread::initThread                       : Initializing FMOD nonblocking thread (0).  priority 1
[LOG] Thread::initThread                       : - Stacksize 81920.  Stack pointer 0x0 : usesemaphore = 1 : sleeptime = 0
[LOG] Thread::callback                         : * FMOD nonblocking thread (0) started
[LOG] SystemI::createSound                     : setdata soundi = 0x16f8cd3c8 : node = 0x16f85f9b0
[LOG] SystemI::createSound                     : add node to async list : head = 0x16f8efd60.  list count = 0
[LOG] AsyncThread::threadFunc                  : Starting Asynchronous operation on sound 0x16f8cd3c8
[LOG] SystemI::createSound                     : filename = Assets/Audio Banks/Mobile/Uncompressed.bank : mode 0a010202
[LOG] SystemI::createSoundInternal             :     filename = Assets/Audio Banks/Mobile/Uncompressed.bank : mode 0a010202
[LOG] SystemI::createSound                     :     FMOD_NONBLOCKING specified.  Putting into queue to be opened asynchronously!
[LOG] SystemI::createSoundInternal             :     exinfo->cbsize             = 216
[LOG] SystemI::createSoundInternal             :     exinfo->length             = 6973728
[LOG] OutputSoftware::createSample             :     lengthpcm 0, lengthbytes 0, channels 0, format 0, freq 0, mode 00000000
[LOG] SystemI::createSoundInternal             :     exinfo->fileoffset         = 31648
[LOG] SystemI::createSoundInternal             :     exinfo->numsubsounds       = 1
[LOG] SystemI::createSound                     :     setdata soundi = 0x16f8d4608 : node = 0x16f8cc9a0
[LOG] SystemI::createSoundInternal             :     exinfo->inclusionlist      = 0x16f85fab8
[LOG] SystemI::createSound                     :     add node to async list : head = 0x16f8efd60.  list count = 0
[LOG] SystemI::createSoundInternal             :     exinfo->inclusionlistnum   = 1
[LOG] SystemI::createSoundInternal             :     exinfo->suggestedsoundtype = 5
[LOG] SystemI::createSound                     :     filename = Assets/Audio Banks/Mobile/Uncompressed.bank : mode 0a010202
[LOG] SystemI::createSoundInternal             :     exinfo->initialseekpostype = 1
[LOG] SystemI::createSound                     :     FMOD_NONBLOCKING specified.  Putting into queue to be opened asynchronously!
[LOG] OutputSoftware::createSample             :     lengthpcm 0, lengthbytes 0, channels 0, format 0, freq 0, mode 00000000
[LOG] SystemI::createSoundInternal             :     Format has 1 subsounds.
[LOG] SystemI::createSoundInternal             :     Create as FMOD_CREATESAMPLE
[LOG] SystemI::createSound                     :     setdata soundi = 0x16f8dd758 : node = 0x16f8acb20
[LOG] SystemI::createSoundInternal             :     Multi-sample sound (1 subsounds), create a sample container.
[LOG] SystemI::createSound                     :     add node to async list : head = 0x16f8efd60.  list count = 1
[LOG] SystemI::createSoundInternal             :     creating subsound 0/1
[LOG] SystemI::createSound                     :     filename = Assets/Audio Banks/Mobile/Uncompressed.bank : mode 0a010202
[LOG] SystemI::createSample                    :     mode 0a010002 length 143700 samples, lengthbytes 574880
[LOG] SystemI::createSound                     :     FMOD_NONBLOCKING specified.  Putting into queue to be opened asynchronously!
[LOG] SystemI::createSample                    :     channels = 2
[LOG] OutputSoftware::createSample             :     lengthpcm 0, lengthbytes 0, channels 0, format 0, freq 0, mode 00000000
[LOG] SystemI::createSample                    :     output = 0x1231dce38
[LOG] SystemI::createSound                     :     setdata soundi = 0x17014a9d8 : node = 0x17014ab80
[LOG] OutputSoftware::createSample             :     lengthpcm 143700, lengthbytes 574880, channels 2, format 2, freq 44100, mode 0a01000a
[LOG] SystemI::createSound                     :     add node to async list : head = 0x16f8efd60.  list count = 2
[LOG] SystemI::createSound                     :     filename = Assets/Audio Banks/Mobile/Uncompressed.bank : mode 0a010202
[LOG] SystemI::createSound                     :     FMOD_NONBLOCKING specified.  Putting into queue to be opened asynchronously!
[LOG] OutputSoftware::createSample             :     lengthpcm 0, lengthbytes 0, channels 0, format 0, freq 0, mode 00000000
[LOG] SystemI::createSoundInternal             :     done.  OpenState now = FMOD_OPENSTATE_READY.

[LOG] AsyncThread::threadFunc                  : Finished Asynchronous operation on sound 0x16f8cd3c8
[LOG] SystemI::createSound                     : setdata soundi = 0x16f8f8de8 : node = 0x16f870a90
[LOG] AsyncThread::threadFunc                  : Starting Asynchronous operation on sound 0x16f8d4608
[LOG] SystemI::createSound                     : add node to async list : head = 0x16f8efd60.  list count = 2
[LOG] SystemI::createSoundInternal             :     filename = Assets/Audio Banks/Mobile/Uncompressed.bank : mode 0a010202
[LOG] SystemI::createSoundInternal             :     exinfo->cbsize             = 216
[LOG] SystemI::createSound                     :     filename = Assets/Audio Banks/Mobile/Uncompressed.bank : mode 0a010202
[LOG] SystemI::createSoundInternal             :     exinfo->length             = 6973728
[LOG] SystemI::createSoundInternal             :     exinfo->fileoffset         = 31648
[LOG] SystemI::createSound                     :     FMOD_NONBLOCKING specified.  Putting into queue to be opened asynchronously!
[LOG] SystemI::createSoundInternal             :     exinfo->numsubsounds       = 1
[LOG] OutputSoftware::createSample             :     lengthpcm 0, lengthbytes 0, channels 0, format 0, freq 0, mode 00000000
[LOG] SystemI::createSoundInternal             :     exinfo->inclusionlist      = 0x16f8ccaa8
[LOG] SystemI::createSound                     :     setdata soundi = 0x17014acd8 : node = 0x17014ae80
[LOG] SystemI::createSoundInternal             :     exinfo->inclusionlistnum   = 1
[LOG] SystemI::createSound                     :     add node to async list : head = 0x16f8efd60.  list count = 3
[LOG] SystemI::createSoundInternal             :     exinfo->suggestedsoundtype = 5
[LOG] SystemI::createSound                     :     filename = Assets/Audio Banks/Mobile/Uncompressed.bank : mode 0a010202
[LOG] SystemI::createSoundInternal             :     exinfo->initialseekpostype = 1
[LOG] SystemI::createSound                     :     FMOD_NONBLOCKING specified.  Putting into queue to be opened asynchronously!
[LOG] SystemI::createSoundInternal             :     Format has 1 subsounds.
[LOG] SystemI::createSoundInternal             :     Create as FMOD_CREATESAMPLE
[LOG] OutputSoftware::createSample             :     lengthpcm 0, lengthbytes 0, channels 0, format 0, freq 0, mode 00000000
[LOG] SystemI::createSoundInternal             :     Multi-sample sound (1 subsounds), create a sample container.
[LOG] SystemI::createSound                     :     setdata soundi = 0x17014b848 : node = 0x17014b9f0
[LOG] SystemI::createSoundInternal             :     creating subsound 0/1
[LOG] SystemI::createSound                     :     add node to async list : head = 0x16f8efd60.  list count = 4
[LOG] SystemI::createSample                    :     mode 0a010002 length 136670 samples, lengthbytes 546752
[LOG] SystemI::createSound                     :     filename = Assets/Audio Banks/Mobile/Uncompressed.bank : mode 0a010202
[LOG] SystemI::createSample                    :     channels = 2
[LOG] SystemI::createSound                     :     FMOD_NONBLOCKING specified.  Putting into queue to be opened asynchronously!
[LOG] SystemI::createSample                    :     output = 0x1231dce38
[LOG] OutputSoftware::createSample             :     lengthpcm 0, lengthbytes 0, channels 0, format 0, freq 0, mode 00000000
[LOG] OutputSoftware::createSample             :     lengthpcm 136670, lengthbytes 546752, channels 2, format 2, freq 44100, mode 0a01000a
[LOG] SystemI::createSound                     :     setdata soundi = 0x17014bd78 : node = 0x170149370
[LOG] SystemI::createSound                     :     add node to async list : head = 0x16f8efd60.  list count = 5
[LOG] SystemI::createSound                     :     filename = Assets/Audio Banks/Mobile/Uncompressed.bank : mode 0a010202
[LOG] SystemI::createSound                     :     FMOD_NONBLOCKING specified.  Putting into queue to be opened asynchronously!
[LOG] SystemI::createSoundInternal             :     done.  OpenState now = FMOD_OPENSTATE_READY.

[LOG] OutputSoftware::createSample             :     lengthpcm 0, lengthbytes 0, channels 0, format 0, freq 0, mode 00000000
[LOG] AsyncThread::threadFunc                  : Finished Asynchronous operation on sound 0x16f8d4608
[LOG] SystemI::createSound                     : setdata soundi = 0x17014afd8 : node = 0x170149680
[LOG] AsyncThread::threadFunc                  : Starting Asynchronous operation on sound 0x16f8dd758
[LOG] SystemI::createSound                     : add node to async list : head = 0x16f8efd60.  list count = 5
[LOG] SystemI::createSoundInternal             :     filename = Assets/Audio Banks/Mobile/Uncompressed.bank : mode 0a010202
[LOG] SystemI::createSound                     :     filename = Assets/Audio Banks/Mobile/Uncompressed.bank : mode 0a010202
[LOG] SystemI::createSoundInternal             :     exinfo->cbsize             = 216
[LOG] SystemI::createSoundInternal             :     exinfo->length             = 6973728
[LOG] SystemI::createSound                     :     FMOD_NONBLOCKING specified.  Putting into queue to be opened asynchronously!
[LOG] SystemI::createSoundInternal             :     exinfo->fileoffset         = 31648
[LOG] OutputSoftware::createSample             :     lengthpcm 0, lengthbytes 0, channels 0, format 0, freq 0, mode 00000000
[LOG] SystemI::createSoundInternal             :     exinfo->numsubsounds       = 1
[LOG] SystemI::createSound                     :     setdata soundi = 0x16f8ec638 : node = 0x16f84b4a0
[LOG] SystemI::createSoundInternal             :     exinfo->inclusionlist      = 0x16f8acc28
[LOG] SystemI::createSoundInternal             :     exinfo->inclusionlistnum   = 1
[LOG] SystemI::createSound                     :     add node to async list : head = 0x16f8efd60.  list count = 6
[LOG] SystemI::createSoundInternal             :     exinfo->suggestedsoundtype = 5
[LOG] SystemI::createSound                     :     filename = Assets/Audio Banks/Mobile/Uncompressed.bank : mode 0a010202
[LOG] SystemI::createSoundInternal             :     exinfo->initialseekpostype = 1
[LOG] SystemI::createSound                     :     FMOD_NONBLOCKING specified.  Putting into queue to be opened asynchronously!
[LOG] OutputSoftware::createSample             :     lengthpcm 0, lengthbytes 0, channels 0, format 0, freq 0, mode 00000000
[LOG] SystemI::createSoundInternal             :     Format has 1 subsounds.
[LOG] SystemI::createSoundInternal             :     Create as FMOD_CREATESAMPLE
[LOG] SystemI::createSoundInternal             :     Multi-sample sound (1 subsounds), create a sample container.
[LOG] SystemI::createSound                     :     setdata soundi = 0x170145bf8 : node = 0x170145da0
[LOG] SystemI::createSoundInternal             :     creating subsound 0/1
[LOG] SystemI::createSound                     :     add node to async list : head = 0x16f8efd60.  list count = 7
[LOG] SystemI::createSample                    :     mode 0a010002 length 157910 samples, lengthbytes 631712
[LOG] SystemI::createSound                     :     filename = Assets/Audio Banks/Mobile/Uncompressed.bank : mode 0a010202
[LOG] SystemI::createSample                    :     channels = 2
[LOG] SystemI::createSound                     :     FMOD_NONBLOCKING specified.  Putting into queue to be opened asynchronously!
[LOG] SystemI::createSample                    :     output = 0x1231dce38
[LOG] OutputSoftware::createSample             :     lengthpcm 0, lengthbytes 0, channels 0, format 0, freq 0, mode 00000000
[LOG] OutputSoftware::createSample             :     lengthpcm 157910, lengthbytes 631712, channels 2, format 2, freq 44100, mode 0a01000a
[LOG] SystemI::createSound                     :     setdata soundi = 0x170145eb8 : node = 0x170146060
[LOG] SystemI::createSound                     :     add node to async list : head = 0x16f8efd60.  list count = 8
[LOG] SystemI::createSound                     :     filename = Assets/Audio Banks/Mobile/Uncompressed.bank : mode 0a010202
[LOG] SystemI::createSound                     :     FMOD_NONBLOCKING specified.  Putting into queue to be opened asynchronously!
[LOG] SystemI::createSoundInternal             :     done.  OpenState now = FMOD_OPENSTATE_READY.

[LOG] OutputSoftware::createSample             :     lengthpcm 0, lengthbytes 0, channels 0, format 0, freq 0, mode 00000000
[LOG] AsyncThread::threadFunc                  : Finished Asynchronous operation on sound 0x16f8dd758
[LOG] SystemI::createSound                     : setdata soundi = 0x170146318 : node = 0x170144b30
[LOG] AsyncThread::threadFunc                  : Starting Asynchronous operation on sound 0x17014a9d8
[LOG] SystemI::createSound                     : add node to async list : head = 0x16f8efd60.  list count = 8
[LOG] SystemI::createSoundInternal             :     filename = Assets/Audio Banks/Mobile/Uncompressed.bank : mode 0a010202
[LOG] SystemI::createSound                     :     filename = Assets/Audio Banks/Mobile/Uncompressed.bank : mode 0a010202
[LOG] SystemI::createSoundInternal             :     exinfo->cbsize             = 216
[LOG] SystemI::createSoundInternal             :     exinfo->length             = 6973728
[LOG] SystemI::createSound                     :     FMOD_NONBLOCKING specified.  Putting into queue to be opened asynchronously!
[LOG] SystemI::createSoundInternal             :     exinfo->fileoffset         = 31648
[LOG] OutputSoftware::createSample             :     lengthpcm 0, lengthbytes 0, channels 0, format 0, freq 0, mode 00000000
[LOG] SystemI::createSoundInternal             :     exinfo->numsubsounds       = 1
[LOG] SystemI::createSound                     :     setdata soundi = 0x170143d18 : node = 0x170143ec0
[LOG] SystemI::createSoundInternal             :     exinfo->inclusionlist      = 0x17014ac88
[LOG] SystemI::createSound                     :     add node to async list : head = 0x16f8efd60.  list count = 9
[LOG] SystemI::createSoundInternal             :     exinfo->inclusionlistnum   = 1
[LOG] SystemI::createSound                     :     filename = Assets/Audio Banks/Mobile/Uncompressed.bank : mode 0a010202
[LOG] SystemI::createSoundInternal             :     exinfo->suggestedsoundtype = 5
[LOG] SystemI::createSound                     :     FMOD_NONBLOCKING specified.  Putting into queue to be opened asynchronously!
[LOG] SystemI::createSoundInternal             :     exinfo->initialseekpostype = 1
[LOG] OutputSoftware::createSample             :     lengthpcm 0, lengthbytes 0, channels 0, format 0, freq 0, mode 00000000
[LOG] SystemI::createSoundInternal             :     Format has 1 subsounds.
[LOG] SystemI::createSound                     :     setdata soundi = 0x170143748 : node = 0x1701400f0
[LOG] SystemI::createSoundInternal             :     Create as FMOD_CREATESAMPLE
[LOG] SystemI::createSoundInternal             :     Multi-sample sound (1 subsounds), create a sample container.
[LOG] SystemI::createSoundInternal             :     creating subsound 0/1
[LOG] SystemI::createSample                    :     mode 0a010002 length 135480 samples, lengthbytes 541984
[LOG] SystemI::createSample                    :     channels = 2
[LOG] SystemI::createSample                    :     output = 0x1231dce38
[LOG] OutputSoftware::createSample             :     lengthpcm 135480, lengthbytes 541984, channels 2, format 2, freq 44100, mode 0a01000a
[LOG] SystemI::createSound                     :     add node to async list : head = 0x16f8efd60.  list count = 10
[LOG] SystemI::createSound                     :     filename = Assets/Audio Banks/Mobile/Uncompressed.bank : mode 0a010202
[LOG] SystemI::createSound                     :     FMOD_NONBLOCKING specified.  Putting into queue to be opened asynchronously!
[LOG] OutputSoftware::createSample             :     lengthpcm 0, lengthbytes 0, channels 0, format 0, freq 0, mode 00000000
[LOG] SystemI::createSoundInternal             :     done.  OpenState now = FMOD_OPENSTATE_READY.

[LOG] AsyncThread::threadFunc                  : Finished Asynchronous operation on sound 0x17014a9d8
[LOG] SystemI::createSound                     : setdata soundi = 0x170144068 : node = 0x1701403b0
[LOG] AsyncThread::threadFunc                  : Starting Asynchronous operation on sound 0x16f8f8de8
[LOG] SystemI::createSound                     : add node to async list : head = 0x16f8efd60.  list count = 10
[LOG] SystemI::createSoundInternal             :     filename = Assets/Audio Banks/Mobile/Uncompressed.bank : mode 0a010202
[LOG] SystemI::createSound                     :     filename = Assets/Audio Banks/Mobile/Uncompressed.bank : mode 0a010202
[LOG] SystemI::createSoundInternal             :     exinfo->cbsize             = 216
[LOG] SystemI::createSound                     :     FMOD_NONBLOCKING specified.  Putting into queue to be opened asynchronously!
[LOG] SystemI::createSoundInternal             :     exinfo->length             = 6973728
[LOG] OutputSoftware::createSample             :     lengthpcm 0, lengthbytes 0, channels 0, format 0, freq 0, mode 00000000
[LOG] SystemI::createSoundInternal             :     exinfo->fileoffset         = 31648
[LOG] SystemI::createSound                     :     setdata soundi = 0x170140628 : node = 0x1701407d0
[LOG] SystemI::createSoundInternal             :     exinfo->numsubsounds       = 1
[LOG] SystemI::createSound                     :     add node to async list : head = 0x16f8efd60.  list count = 11
[LOG] SystemI::createSoundInternal             :     exinfo->inclusionlist      = 0x16f870b98
[LOG] SystemI::createSound                     :     filename = Assets/Audio Banks/Mobile/Uncompressed.bank : mode 0a010202
[LOG] SystemI::createSoundInternal             :     exinfo->inclusionlistnum   = 1
[LOG] SystemI::createSound                     :     FMOD_NONBLOCKING specified.  Putting into queue to be opened asynchronously!
[LOG] SystemI::createSoundInternal             :     exinfo->suggestedsoundtype = 5
[LOG] SystemI::createSoundInternal             :     exinfo->initialseekpostype = 1
[LOG] OutputSoftware::createSample             :     lengthpcm 0, lengthbytes 0, channels 0, format 0, freq 0, mode 00000000
[LOG] SystemI::createSoundInternal             :     Format has 1 subsounds.
[LOG] SystemI::createSound                     :     setdata soundi = 0x170140928 : node = 0x170140ad0
[LOG] SystemI::createSound                     :     add node to async list : head = 0x16f8efd60.  list count = 12
[LOG] SystemI::createSoundInternal             :     Create as FMOD_CREATESAMPLE
[LOG] SystemI::createSound                     :     filename = Assets/Audio Banks/Mobile/Uncompressed.bank : mode 0a010202
[LOG] SystemI::createSoundInternal             :     Multi-sample sound (1 subsounds), create a sample container.
[LOG] SystemI::createSound                     :     FMOD_NONBLOCKING specified.  Putting into queue to be opened asynchronously!
[LOG] SystemI::createSoundInternal             :     creating subsound 0/1
[LOG] OutputSoftware::createSample             :     lengthpcm 0, lengthbytes 0, channels 0, format 0, freq 0, mode 00000000
[LOG] SystemI::createSample                    :     mode 0a010002 length 77850 samples, lengthbytes 311488
[LOG] SystemI::createSound                     :     setdata soundi = 0x16f8879f8 : node = 0x16f834580
[LOG] SystemI::createSample                    :     channels = 2
[LOG] SystemI::createSample                    :     output = 0x1231dce38
[LOG] SystemI::createSound                     :     add node to async list : head = 0x16f8efd60.  list count = 13
[LOG] OutputSoftware::createSample             :     lengthpcm 77850, lengthbytes 311488, channels 2, format 2, freq 44100, mode 0a01000a
[LOG] SystemI::createSound                     :     filename = Assets/Audio Banks/Mobile/Uncompressed.bank : mode 0a010202
[LOG] SystemI::createSound                     :     FMOD_NONBLOCKING specified.  Putting into queue to be opened asynchronously!
[LOG] OutputSoftware::createSample             :     lengthpcm 0, lengthbytes 0, channels 0, format 0, freq 0, mode 00000000
[LOG] SystemI::createSoundInternal             :     done.  OpenState now = FMOD_OPENSTATE_READY.

[LOG] AsyncThread::threadFunc                  : Finished Asynchronous operation on sound 0x16f8f8de8
[LOG] AsyncThread::threadFunc                  : Starting Asynchronous operation on sound 0x17014acd8
[LOG] SystemI::createSound                     :     setdata soundi = 0x170141278 : node = 0x170141420
[LOG] SystemI::createSoundInternal             :     filename = Assets/Audio Banks/Mobile/Uncompressed.bank : mode 0a010202
[LOG] SystemI::createSoundInternal             :     exinfo->cbsize             = 216
[LOG] SystemI::createSoundInternal             :     exinfo->length             = 6973728
[LOG] SystemI::createSound                     :     add node to async list : head = 0x16f8efd60.  list count = 13
[LOG] SystemI::createSoundInternal             :     exinfo->fileoffset         = 31648
[LOG] SystemI::createSoundInternal             :     exinfo->numsubsounds       = 1
[LOG] SystemI::createSoundInternal             :     exinfo->inclusionlist      = 0x17014af88
[LOG] Manager::readBank                        :     fileversion = 68, compatVersion = 68 (oldest = 44, newest = 68)
[LOG] SystemI::createSoundInternal             :     exinfo->inclusionlistnum   = 1
[LOG] SystemI::createSoundInternal             :     exinfo->suggestedsoundtype = 5
[LOG] SystemI::createSoundInternal             :     exinfo->initialseekpostype = 1
[LOG] SystemI::createSoundInternal             :     Format has 1 subsounds.
[LOG] SystemI::createSoundInternal             :     Create as FMOD_CREATESAMPLE
[LOG] SystemI::createSoundInternal             :     Multi-sample sound (1 subsounds), create a sample container.
[LOG] SystemI::createSoundInternal             :     creating subsound 0/1
[LOG] SystemI::createSample                    :     mode 0a010002 length 122110 samples, lengthbytes 488512
[LOG] SystemI::createSample                    :     channels = 2
[LOG] SystemI::createSample                    :     output = 0x1231dce38
[LOG] OutputSoftware::createSample             :     lengthpcm 122110, lengthbytes 488512, channels 2, format 2, freq 44100, mode 0a01000a
[LOG] SystemI::createSoundInternal             :     done.  OpenState now = FMOD_OPENSTATE_READY.

[LOG] AsyncThread::threadFunc                  : Finished Asynchronous operation on sound 0x17014acd8
[LOG] AsyncThread::threadFunc                  : Starting Asynchronous operation on sound 0x17014b848
[LOG] SystemI::createSoundInternal             :     filename = Assets/Audio Banks/Mobile/Uncompressed.bank : mode 0a010202
[LOG] SystemI::createSoundInternal             :     exinfo->cbsize             = 216
[LOG] SystemI::createSoundInternal             :     exinfo->length             = 6973728
[LOG] SystemI::createSoundInternal             :     exinfo->fileoffset         = 31648
[LOG] SystemI::createSoundInternal             :     exinfo->numsubsounds       = 1
[LOG] SystemI::createSoundInternal             :     exinfo->inclusionlist      = 0x17014baf8
[LOG] SystemI::createSoundInternal             :     exinfo->inclusionlistnum   = 1
[LOG] SystemI::createSoundInternal             :     exinfo->suggestedsoundtype = 5
[LOG] SystemI::createSoundInternal             :     exinfo->initialseekpostype = 1
[LOG] SystemI::createSoundInternal             :     Format has 1 subsounds.
[LOG] SystemI::createSoundInternal             :     Create as FMOD_CREATESAMPLE
[LOG] SystemI::createSoundInternal             :     Multi-sample sound (1 subsounds), create a sample container.
[LOG] SystemI::createSoundInternal             :     creating subsound 0/1
[LOG] SystemI::createSample                    :     mode 0a010002 length 86670 samples, lengthbytes 346752
[LOG] SystemI::createSample                    :     channels = 2
[LOG] SystemI::createSample                    :     output = 0x1231dce38
[LOG] OutputSoftware::createSample             :     lengthpcm 86670, lengthbytes 346752, channels 2, format 2, freq 44100, mode 0a01000a
[LOG] SystemI::createSoundInternal             :     done.  OpenState now = FMOD_OPENSTATE_READY.

[LOG] AsyncThread::threadFunc                  : Finished Asynchronous operation on sound 0x17014b848
[LOG] AsyncThread::threadFunc                  : Starting Asynchronous operation on sound 0x17014bd78
[LOG] SystemI::createSoundInternal             :     filename = Assets/Audio Banks/Mobile/Uncompressed.bank : mode 0a010202
[LOG] SystemI::createSoundInternal             :     exinfo->cbsize             = 216
[LOG] SystemI::createSoundInternal             :     exinfo->length             = 6973728
[LOG] SystemI::createSoundInternal             :     exinfo->fileoffset         = 31648
[LOG] SystemI::createSoundInternal             :     exinfo->numsubsounds       = 1
[LOG] SystemI::createSoundInternal             :     exinfo->inclusionlist      = 0x170149478
[LOG] SystemI::createSoundInternal             :     exinfo->inclusionlistnum   = 1
[LOG] SystemI::createSoundInternal             :     exinfo->suggestedsoundtype = 5
[LOG] SystemI::createSoundInternal             :     exinfo->initialseekpostype = 1
[LOG] SystemI::createSoundInternal             :     Format has 1 subsounds.
[LOG] SystemI::createSoundInternal             :     Create as FMOD_CREATESAMPLE
[LOG] SystemI::createSoundInternal             :     Multi-sample sound (1 subsounds), create a sample container.
[LOG] SystemI::createSoundInternal             :     creating subsound 0/1
[LOG] SystemI::createSample                    :     mode 0a010002 length 162890 samples, lengthbytes 651648
[LOG] SystemI::createSample                    :     channels = 2
[LOG] SystemI::createSample                    :     output = 0x1231dce38
[LOG] OutputSoftware::createSample             :     lengthpcm 162890, lengthbytes 651648, channels 2, format 2, freq 44100, mode 0a01000a
[LOG] SystemI::createSoundInternal             :     done.  OpenState now = FMOD_OPENSTATE_READY.

[LOG] AsyncThread::threadFunc                  : Finished Asynchronous operation on sound 0x17014bd78
[LOG] AsyncThread::threadFunc                  : Starting Asynchronous operation on sound 0x17014afd8
[LOG] SystemI::createSoundInternal             :     filename = Assets/Audio Banks/Mobile/Uncompressed.bank : mode 0a010202
[LOG] SystemI::createSoundInternal             :     exinfo->cbsize             = 216
[LOG] SystemI::createSoundInternal             :     exinfo->length             = 6973728
[LOG] SystemI::createSoundInternal             :     exinfo->fileoffset         = 31648
[LOG] SystemI::createSoundInternal             :     exinfo->numsubsounds       = 1
[LOG] SystemI::createSoundInternal             :     exinfo->inclusionlist      = 0x170149788
[LOG] SystemI::createSoundInternal             :     exinfo->inclusionlistnum   = 1
[LOG] SystemI::createSoundInternal             :     exinfo->suggestedsoundtype = 5
[LOG] SystemI::createSoundInternal             :     exinfo->initialseekpostype = 1
[LOG] SystemI::createSoundInternal             :     Format has 1 subsounds.
[LOG] SystemI::createSoundInternal             :     Create as FMOD_CREATESAMPLE
[LOG] SystemI::createSoundInternal             :     Multi-sample sound (1 subsounds), create a sample container.
[LOG] SystemI::createSoundInternal             :     creating subsound 0/1
[LOG] SystemI::createSample                    :     mode 0a010002 length 170200 samples, lengthbytes 680864
[LOG] SystemI::createSample                    :     channels = 2
[LOG] SystemI::createSample                    :     output = 0x1231dce38
[LOG] OutputSoftware::createSample             :     lengthpcm 170200, lengthbytes 680864, channels 2, format 2, freq 44100, mode 0a01000a
[LOG] SystemI::createSoundInternal             :     done.  OpenState now = FMOD_OPENSTATE_READY.

[LOG] AsyncThread::threadFunc                  : Finished Asynchronous operation on sound 0x17014afd8
[LOG] AsyncThread::threadFunc                  : Starting Asynchronous operation on sound 0x16f8ec638
[LOG] SystemI::createSoundInternal             :     filename = Assets/Audio Banks/Mobile/Uncompressed.bank : mode 0a010202
[LOG] SystemI::createSoundInternal             :     exinfo->cbsize             = 216
[LOG] SystemI::createSoundInternal             :     exinfo->length             = 6973728
[LOG] SystemI::createSoundInternal             :     exinfo->fileoffset         = 31648
[LOG] SystemI::createSoundInternal             :     exinfo->numsubsounds       = 1
[LOG] SystemI::createSoundInternal             :     exinfo->inclusionlist      = 0x16f84b5a8
[LOG] SystemI::createSoundInternal             :     exinfo->inclusionlistnum   = 1
[LOG] SystemI::createSoundInternal             :     exinfo->suggestedsoundtype = 5
[LOG] SystemI::createSoundInternal             :     exinfo->initialseekpostype = 1
[LOG] SystemI::createSoundInternal             :     Format has 1 subsounds.
[LOG] SystemI::createSoundInternal             :     Create as FMOD_CREATESAMPLE
[LOG] SystemI::createSoundInternal             :     Multi-sample sound (1 subsounds), create a sample container.
[LOG] SystemI::createSoundInternal             :     creating subsound 0/1
[LOG] SystemI::createSample                    :     mode 0a010002 length 170000 samples, lengthbytes 680064
[LOG] SystemI::createSample                    :     channels = 2
[LOG] SystemI::createSample                    :     output = 0x1231dce38
[LOG] OutputSoftware::createSample             :     lengthpcm 170000, lengthbytes 680064, channels 2, format 2, freq 44100, mode 0a01000a
[LOG] SystemI::createSoundInternal             :     done.  OpenState now = FMOD_OPENSTATE_READY.

[LOG] AsyncThread::threadFunc                  : Finished Asynchronous operation on sound 0x16f8ec638
[LOG] AsyncThread::threadFunc                  : Starting Asynchronous operation on sound 0x170145bf8
[LOG] SystemI::createSoundInternal             :     filename = Assets/Audio Banks/Mobile/Uncompressed.bank : mode 0a010202
[LOG] SystemI::createSoundInternal             :     exinfo->cbsize             = 216
[LOG] SystemI::createSoundInternal             :     exinfo->length             = 6973728
[LOG] SystemI::createSoundInternal             :     exinfo->fileoffset         = 31648
[LOG] SystemI::createSoundInternal             :     exinfo->numsubsounds       = 1
[LOG] SystemI::createSoundInternal             :     exinfo->inclusionlist      = 0x170145ea8
[LOG] SystemI::createSoundInternal             :     exinfo->inclusionlistnum   = 1
[LOG] SystemI::createSoundInternal             :     exinfo->suggestedsoundtype = 5
[LOG] SystemI::createSoundInternal             :     exinfo->initialseekpostype = 1
[LOG] SystemI::createSoundInternal             :     Format has 1 subsounds.
[LOG] SystemI::createSoundInternal             :     Create as FMOD_CREATESAMPLE
[LOG] SystemI::createSoundInternal             :     Multi-sample sound (1 subsounds), create a sample container.
[LOG] SystemI::createSoundInternal             :     creating subsound 0/1
[LOG] SystemI::createSample                    :     mode 0a010002 length 42010 samples, lengthbytes 168128
[LOG] SystemI::createSample                    :     channels = 2
[LOG] SystemI::createSample                    :     output = 0x1231dce38
[LOG] OutputSoftware::createSample             :     lengthpcm 42010, lengthbytes 168128, channels 2, format 2, freq 44100, mode 0a01000a
[LOG] SystemI::createSoundInternal             :     done.  OpenState now = FMOD_OPENSTATE_READY.

[LOG] AsyncThread::threadFunc                  : Finished Asynchronous operation on sound 0x170145bf8
[LOG] AsyncThread::threadFunc                  : Starting Asynchronous operation on sound 0x170145eb8
[LOG] SystemI::createSoundInternal             :     filename = Assets/Audio Banks/Mobile/Uncompressed.bank : mode 0a010202
[LOG] SystemI::createSoundInternal             :     exinfo->cbsize             = 216
[LOG] SystemI::createSoundInternal             :     exinfo->length             = 6973728
[LOG] SystemI::createSoundInternal             :     exinfo->fileoffset         = 31648
[LOG] SystemI::createSoundInternal             :     exinfo->numsubsounds       = 1
[LOG] SystemI::createSoundInternal             :     exinfo->inclusionlist      = 0x170146168
[LOG] SystemI::createSoundInternal             :     exinfo->inclusionlistnum   = 1
[LOG] SystemI::createSoundInternal             :     exinfo->suggestedsoundtype = 5
[LOG] SystemI::createSoundInternal             :     exinfo->initialseekpostype = 1
[LOG] SystemI::createSoundInternal             :     Format has 1 subsounds.
[LOG] SystemI::createSoundInternal             :     Create as FMOD_CREATESAMPLE
[LOG] SystemI::createSoundInternal             :     Multi-sample sound (1 subsounds), create a sample container.
[LOG] SystemI::createSoundInternal             :     creating subsound 0/1
[LOG] SystemI::createSample                    :     mode 0a010002 length 41300 samples, lengthbytes 165280
[LOG] SystemI::createSample                    :     channels = 2
[LOG] SystemI::createSample                    :     output = 0x1231dce38
[LOG] OutputSoftware::createSample             :     lengthpcm 41300, lengthbytes 165280, channels 2, format 2, freq 44100, mode 0a01000a
[LOG] SystemI::createSoundInternal             :     done.  OpenState now = FMOD_OPENSTATE_READY.

[LOG] AsyncThread::threadFunc                  : Finished Asynchronous operation on sound 0x170145eb8
[LOG] AsyncThread::threadFunc                  : Starting Asynchronous operation on sound 0x170146318
[LOG] SystemI::createSoundInternal             :     filename = Assets/Audio Banks/Mobile/Uncompressed.bank : mode 0a010202
[LOG] SystemI::createSoundInternal             :     exinfo->cbsize             = 216
[LOG] SystemI::createSoundInternal             :     exinfo->length             = 6973728
[LOG] SystemI::createSoundInternal             :     exinfo->fileoffset         = 31648
[LOG] SystemI::createSoundInternal             :     exinfo->numsubsounds       = 1
[LOG] SystemI::createSoundInternal             :     exinfo->inclusionlist      = 0x170144c38
[LOG] SystemI::createSoundInternal             :     exinfo->inclusionlistnum   = 1
[LOG] SystemI::createSoundInternal             :     exinfo->suggestedsoundtype = 5
[LOG] SystemI::createSoundInternal             :     exinfo->initialseekpostype = 1
[LOG] SystemI::createSoundInternal             :     Format has 1 subsounds.
[LOG] SystemI::createSoundInternal             :     Create as FMOD_CREATESAMPLE
[LOG] SystemI::createSoundInternal             :     Multi-sample sound (1 subsounds), create a sample container.
[LOG] SystemI::createSoundInternal             :     creating subsound 0/1
[LOG] SystemI::createSample                    :     mode 0a010002 length 34860 samples, lengthbytes 139520
[LOG] SystemI::createSample                    :     channels = 2
[LOG] SystemI::createSample                    :     output = 0x1231dce38
[LOG] OutputSoftware::createSample             :     lengthpcm 34860, lengthbytes 139520, channels 2, format 2, freq 44100, mode 0a01000a
[LOG] SystemI::createSoundInternal             :     done.  OpenState now = FMOD_OPENSTATE_READY.

[LOG] AsyncThread::threadFunc                  : Finished Asynchronous operation on sound 0x170146318
[LOG] AsyncThread::threadFunc                  : Starting Asynchronous operation on sound 0x170143d18
[LOG] SystemI::createSoundInternal             :     filename = Assets/Audio Banks/Mobile/Uncompressed.bank : mode 0a010202
[LOG] SystemI::createSoundInternal             :     exinfo->cbsize             = 216
[LOG] SystemI::createSoundInternal             :     exinfo->length             = 6973728
[LOG] SystemI::createSoundInternal             :     exinfo->fileoffset         = 31648
[LOG] SystemI::createSoundInternal             :     exinfo->numsubsounds       = 1
[LOG] SystemI::createSoundInternal             :     exinfo->inclusionlist      = 0x170143fc8
[LOG] SystemI::createSoundInternal             :     exinfo->inclusionlistnum   = 1
[LOG] SystemI::createSoundInternal             :     exinfo->suggestedsoundtype = 5
[LOG] SystemI::createSoundInternal             :     exinfo->initialseekpostype = 1
[LOG] SystemI::createSoundInternal             :     Format has 1 subsounds.
[LOG] SystemI::createSoundInternal             :     Create as FMOD_CREATESAMPLE
[LOG] SystemI::createSoundInternal             :     Multi-sample sound (1 subsounds), create a sample container.
[LOG] SystemI::createSoundInternal             :     creating subsound 0/1
[LOG] SystemI::createSample                    :     mode 0a010002 length 42810 samples, lengthbytes 171328
[LOG] SystemI::createSample                    :     channels = 2
[LOG] SystemI::createSample                    :     output = 0x1231dce38
[LOG] OutputSoftware::createSample             :     lengthpcm 42810, lengthbytes 171328, channels 2, format 2, freq 44100, mode 0a01000a
[LOG] SystemI::createSoundInternal             :     done.  OpenState now = FMOD_OPENSTATE_READY.

[LOG] AsyncThread::threadFunc                  : Finished Asynchronous operation on sound 0x170143d18
[LOG] AsyncThread::threadFunc                  : Starting Asynchronous operation on sound 0x170143748
[LOG] SystemI::createSoundInternal             :     filename = Assets/Audio Banks/Mobile/Uncompressed.bank : mode 0a010202
[LOG] SystemI::createSoundInternal             :     exinfo->cbsize             = 216
[LOG] SystemI::createSoundInternal             :     exinfo->length             = 6973728
[LOG] SystemI::createSoundInternal             :     exinfo->fileoffset         = 31648
[LOG] SystemI::createSoundInternal             :     exinfo->numsubsounds       = 1
[LOG] SystemI::createSoundInternal             :     exinfo->inclusionlist      = 0x1701401f8
[LOG] SystemI::createSoundInternal             :     exinfo->inclusionlistnum   = 1
[LOG] SystemI::createSoundInternal             :     exinfo->suggestedsoundtype = 5
[LOG] SystemI::createSoundInternal             :     exinfo->initialseekpostype = 1
[LOG] SystemI::createSoundInternal             :     Format has 1 subsounds.
[LOG] SystemI::createSoundInternal             :     Create as FMOD_CREATESAMPLE
[LOG] SystemI::createSoundInternal             :     Multi-sample sound (1 subsounds), create a sample container.
[LOG] SystemI::createSoundInternal             :     creating subsound 0/1
[LOG] SystemI::createSample                    :     mode 0a010002 length 38580 samples, lengthbytes 154400
[LOG] SystemI::createSample                    :     channels = 2
[LOG] SystemI::createSample                    :     output = 0x1231dce38
[LOG] OutputSoftware::createSample             :     lengthpcm 38580, lengthbytes 154400, channels 2, format 2, freq 44100, mode 0a01000a
[LOG] SystemI::createSoundInternal             :     done.  OpenState now = FMOD_OPENSTATE_READY.

[LOG] AsyncThread::threadFunc                  : Finished Asynchronous operation on sound 0x170143748
[LOG] AsyncThread::threadFunc                  : Starting Asynchronous operation on sound 0x170144068
[LOG] SystemI::createSoundInternal             :     filename = Assets/Audio Banks/Mobile/Uncompressed.bank : mode 0a010202
[LOG] SystemI::createSoundInternal             :     exinfo->cbsize             = 216
[LOG] SystemI::createSoundInternal             :     exinfo->length             = 6973728
[LOG] SystemI::createSoundInternal             :     exinfo->fileoffset         = 31648
[LOG] SystemI::createSoundInternal             :     exinfo->numsubsounds       = 1
[LOG] SystemI::createSoundInternal             :     exinfo->inclusionlist      = 0x1701404b8
[LOG] SystemI::createSoundInternal             :     exinfo->inclusionlistnum   = 1
[LOG] SystemI::createSoundInternal             :     exinfo->suggestedsoundtype = 5
[LOG] SystemI::createSoundInternal             :     exinfo->initialseekpostype = 1
[LOG] SystemI::createSoundInternal             :     Format has 1 subsounds.
[LOG] SystemI::createSoundInternal             :     Create as FMOD_CREATESAMPLE
[LOG] SystemI::createSoundInternal             :     Multi-sample sound (1 subsounds), create a sample container.
[LOG] SystemI::createSoundInternal             :     creating subsound 0/1
[LOG] SystemI::createSample                    :     mode 0a010002 length 22200 samples, lengthbytes 88864
[LOG] SystemI::createSample                    :     channels = 2
[LOG] SystemI::createSample                    :     output = 0x1231dce38
[LOG] OutputSoftware::createSample             :     lengthpcm 22200, lengthbytes 88864, channels 2, format 2, freq 44100, mode 0a01000a
[LOG] SystemI::createSoundInternal             :     done.  OpenState now = FMOD_OPENSTATE_READY.

[LOG] AsyncThread::threadFunc                  : Finished Asynchronous operation on sound 0x170144068
[LOG] AsyncThread::threadFunc                  : Starting Asynchronous operation on sound 0x170140628
[LOG] SystemI::createSoundInternal             :     filename = Assets/Audio Banks/Mobile/Uncompressed.bank : mode 0a010202
[LOG] SystemI::createSoundInternal             :     exinfo->cbsize             = 216
[LOG] SystemI::createSoundInternal             :     exinfo->length             = 6973728
[LOG] SystemI::createSoundInternal             :     exinfo->fileoffset         = 31648
[LOG] SystemI::createSoundInternal             :     exinfo->numsubsounds       = 1
[LOG] SystemI::createSoundInternal             :     exinfo->inclusionlist      = 0x1701408d8
[LOG] SystemI::createSoundInternal             :     exinfo->inclusionlistnum   = 1
[LOG] SystemI::createSoundInternal             :     exinfo->suggestedsoundtype = 5
[LOG] SystemI::createSoundInternal             :     exinfo->initialseekpostype = 1
[LOG] SystemI::createSoundInternal             :     Format has 1 subsounds.
[LOG] SystemI::createSoundInternal             :     Create as FMOD_CREATESAMPLE
[LOG] SystemI::createSoundInternal             :     Multi-sample sound (1 subsounds), create a sample container.
[LOG] SystemI::createSoundInternal             :     creating subsound 0/1
[LOG] SystemI::createSample                    :     mode 0a010002 length 33400 samples, lengthbytes 133664
[LOG] SystemI::createSample                    :     channels = 2
[LOG] SystemI::createSample                    :     output = 0x1231dce38
[LOG] OutputSoftware::createSample             :     lengthpcm 33400, lengthbytes 133664, channels 2, format 2, freq 44100, mode 0a01000a
[LOG] SystemI::createSoundInternal             :     done.  OpenState now = FMOD_OPENSTATE_READY.

[LOG] AsyncThread::threadFunc                  : Finished Asynchronous operation on sound 0x170140628
[LOG] AsyncThread::threadFunc                  : Starting Asynchronous operation on sound 0x170140928
[LOG] SystemI::createSoundInternal             :     filename = Assets/Audio Banks/Mobile/Uncompressed.bank : mode 0a010202
[LOG] SystemI::createSoundInternal             :     exinfo->cbsize             = 216
[LOG] SystemI::createSoundInternal             :     exinfo->length             = 6973728
[LOG] SystemI::createSoundInternal             :     exinfo->fileoffset         = 31648
[LOG] SystemI::createSoundInternal             :     exinfo->numsubsounds       = 1
[LOG] SystemI::createSoundInternal             :     exinfo->inclusionlist      = 0x170140bd8
[LOG] SystemI::createSoundInternal             :     exinfo->inclusionlistnum   = 1
[LOG] SystemI::createSoundInternal             :     exinfo->suggestedsoundtype = 5
[LOG] SystemI::createSoundInternal             :     exinfo->initialseekpostype = 1
[LOG] SystemI::createSoundInternal             :     Format has 1 subsounds.
[LOG] SystemI::createSoundInternal             :     Create as FMOD_CREATESAMPLE
[LOG] SystemI::createSoundInternal             :     Multi-sample sound (1 subsounds), create a sample container.
[LOG] SystemI::createSoundInternal             :     creating subsound 0/1
[LOG] SystemI::createSample                    :     mode 0a010002 length 42813 samples, lengthbytes 171328
[LOG] SystemI::createSample                    :     channels = 2
[LOG] SystemI::createSample                    :     output = 0x1231dce38
[LOG] OutputSoftware::createSample             :     lengthpcm 42813, lengthbytes 171328, channels 2, format 2, freq 44100, mode 0a01000a
[LOG] SystemI::createSoundInternal             :     done.  OpenState now = FMOD_OPENSTATE_READY.

[LOG] AsyncThread::threadFunc                  : Finished Asynchronous operation on sound 0x170140928
[LOG] AsyncThread::threadFunc                  : Starting Asynchronous operation on sound 0x16f8879f8
[LOG] SystemI::createSoundInternal             :     filename = Assets/Audio Banks/Mobile/Uncompressed.bank : mode 0a010202
[LOG] SystemI::createSoundInternal             :     exinfo->cbsize             = 216
[LOG] SystemI::createSoundInternal             :     exinfo->length             = 6973728
[LOG] SystemI::createSoundInternal             :     exinfo->fileoffset         = 31648
[LOG] SystemI::createSoundInternal             :     exinfo->numsubsounds       = 1
[LOG] SystemI::createSoundInternal             :     exinfo->inclusionlist      = 0x16f834688
[LOG] SystemI::createSoundInternal             :     exinfo->inclusionlistnum   = 1
[LOG] SystemI::createSoundInternal             :     exinfo->suggestedsoundtype = 5
[LOG] SystemI::createSoundInternal             :     exinfo->initialseekpostype = 1
[LOG] SystemI::createSoundInternal             :     Format has 1 subsounds.
[LOG] SystemI::createSoundInternal             :     Create as FMOD_CREATESAMPLE
[LOG] SystemI::createSoundInternal             :     Multi-sample sound (1 subsounds), create a sample container.
[LOG] SystemI::createSoundInternal             :     creating subsound 0/1
[LOG] SystemI::createSample                    :     mode 0a010002 length 42075 samples, lengthbytes 168384
[LOG] SystemI::createSample                    :     channels = 2
[LOG] SystemI::createSample                    :     output = 0x1231dce38
[LOG] OutputSoftware::createSample             :     lengthpcm 42075, lengthbytes 168384, channels 2, format 2, freq 44100, mode 0a01000a
[LOG] SystemI::createSoundInternal             :     done.  OpenState now = FMOD_OPENSTATE_READY.

[LOG] AsyncThread::threadFunc                  : Finished Asynchronous operation on sound 0x16f8879f8
[LOG] AsyncThread::threadFunc                  : Starting Asynchronous operation on sound 0x170141278
[LOG] SystemI::createSoundInternal             :     filename = Assets/Audio Banks/Mobile/Uncompressed.bank : mode 0a010202
[LOG] SystemI::createSoundInternal             :     exinfo->cbsize             = 216
[LOG] SystemI::createSoundInternal             :     exinfo->length             = 6973728
[LOG] SystemI::createSoundInternal             :     exinfo->fileoffset         = 31648
[LOG] SystemI::createSoundInternal             :     exinfo->numsubsounds       = 1
[LOG] SystemI::createSoundInternal             :     exinfo->inclusionlist      = 0x170141528
[LOG] SystemI::createSoundInternal             :     exinfo->inclusionlistnum   = 1
[LOG] SystemI::createSoundInternal             :     exinfo->suggestedsoundtype = 5
[LOG] SystemI::createSoundInternal             :     exinfo->initialseekpostype = 1
[LOG] SystemI::createSoundInternal             :     Format has 1 subsounds.
[LOG] SystemI::createSoundInternal             :     Create as FMOD_CREATESAMPLE
[LOG] SystemI::createSoundInternal             :     Multi-sample sound (1 subsounds), create a sample container.
[LOG] SystemI::createSoundInternal             :     creating subsound 0/1
[LOG] SystemI::createSample                    :     mode 0a010002 length 39140 samples, lengthbytes 156640
[LOG] SystemI::createSample                    :     channels = 2
[LOG] SystemI::createSample                    :     output = 0x1231dce38
[LOG] OutputSoftware::createSample             :     lengthpcm 39140, lengthbytes 156640, channels 2, format 2, freq 44100, mode 0a01000a
[LOG] SystemI::createSoundInternal             :     done.  OpenState now = FMOD_OPENSTATE_READY.

[LOG] AsyncThread::threadFunc                  : Finished Asynchronous operation on sound 0x170141278
[LOG] SystemI::createSound                     : filename = Assets/Audio Banks/Mobile/Compressed.bank : mode 0a010202
[LOG] SystemI::createSound                     : FMOD_NONBLOCKING specified.  Putting into queue to be opened asynchronously!
[LOG] OutputSoftware::createSample             : lengthpcm 0, lengthbytes 0, channels 0, format 0, freq 0, mode 00000000
[LOG] SystemI::createSound                     : setdata soundi = 0x12e5a0b08 : node = 0x12e55d590
[LOG] SystemI::createSound                     : add node to async list : head = 0x16f8efd60.  list count = 0
[LOG] AsyncThread::threadFunc                  : Starting Asynchronous operation on sound 0x12e5a0b08
[LOG] SystemI::createSoundInternal             :     filename = Assets/Audio Banks/Mobile/Compressed.bank : mode 0a010202
[LOG] SystemI::createSoundInternal             :     exinfo->cbsize             = 216
[LOG] SystemI::createSoundInternal             :     exinfo->length             = 7008032
[LOG] SystemI::createSoundInternal             :     exinfo->fileoffset         = 2752
[LOG] SystemI::createSoundInternal             :     exinfo->numsubsounds       = 1
[LOG] SystemI::createSoundInternal             :     exinfo->inclusionlist      = 0x12e55d698
[LOG] SystemI::createSoundInternal             :     exinfo->inclusionlistnum   = 1
[LOG] SystemI::createSoundInternal             :     exinfo->suggestedsoundtype = 5
[LOG] SystemI::createSoundInternal             :     exinfo->initialseekpostype = 1
[LOG] SystemI::createSoundInternal             :     Format has 1 subsounds.
[LOG] SystemI::createSoundInternal             :     Create as FMOD_CREATESAMPLE
[LOG] SystemI::createSoundInternal             :     Multi-sample sound (1 subsounds), create a sample container.
[LOG] SystemI::createSoundInternal             :     creating subsound 0/1
[LOG] SystemI::createSample                    :     mode 0a010202 length 6527974 samples, lengthbytes 3264768
[LOG] SystemI::createSample                    :     channels = 2
[LOG] SystemI::createSample                    :     output = 0x1231dce38
[LOG] OutputSoftware::createSample             :     lengthpcm 6527974, lengthbytes 3264768, channels 2, format 2, freq 48000, mode 0a01020a
[LOG] SystemI::createSoundInternal             :     done.  OpenState now = FMOD_OPENSTATE_READY.

[LOG] AsyncThread::threadFunc                  : Finished Asynchronous operation on sound 0x12e5a0b08
[WRN] SoundSourceInstrumentInstance::startChannelIfReady : Loading delay exceeded, sound may play at incorrect time
