[LOG] System::create                           : Header version = 1.07.06. Current version = 1.07.06.
[LOG] SystemI::init                            : FMOD Studio Version: 00010706 (71893)
[LOG] SystemI::init                            : maxchannels = 256, flags = 00020000, extradriverdata = 0x0
[LOG] SystemI::close                           : 
[LOG] SystemI::close                           : Stop all sounds
[LOG] SystemI::close                           : Remove miscllaneous DSP stuff.
[LOG] SystemI::close                           : done.

[LOG] OutputCoreAudio::enumerate               : Enumerating...
[LOG] OutputCoreAudio::enumerate               : Found output driver: "Built-in Output".
[LOG] OutputCoreAudio::enumerate               : Found output driver: "Quartet".
[LOG] OutputCoreAudio::enumerate               : Done.
[LOG] OutputCoreAudio::init                    : Output running 6 channels at 44100Hz sample rate.
[LOG] OutputCoreAudio::init                    : Maximum hardware read size: 1024 samples, Software buffer size: 512 samples, Number of software buffers: 4.
[WRN] SystemI::init                            : Output requires a sample rate of 44100Hz, resampling will occur.
[LOG] DownMix::init                            : dspbuffersize: 512  rate: 48000. output speaker mode: 6, input speaker mode 3
[LOG] DownMix::init                            : done.
[LOG] Thread::initThread                       : Initializing FMOD mixer thread.  priority 3
[LOG] Thread::initThread                       : - Stacksize 49152.  Stack pointer 0x0 : usesemaphore = 1 : sleeptime = 0
[LOG] Thread::callback                         : * FMOD mixer thread started
[LOG] SystemI::init                            : Set up emulated output
[LOG] SystemI::init                            : create the channel pool
[LOG] SystemI::init                            : Set up streamer
[LOG] Thread::initThread                       : Initializing FMOD stream thread.  priority 2
[LOG] Thread::initThread                       : - Stacksize 65536.  Stack pointer 0x0 : usesemaphore = 0 : sleeptime = 10
[LOG] Thread::callback                         : * FMOD stream thread started
[LOG] Thread::initThread                       : Initializing FMOD Studio load thread.  priority 0
[LOG] Thread::initThread                       : - Stacksize 65536.  Stack pointer 0x0 : usesemaphore = 0 : sleeptime = 1
[LOG] Thread::callback                         : * FMOD Studio load thread started
[LOG] Manager::readBank                        : fileversion = 68, compatVersion = 68 (oldest = 44, newest = 68)
[LOG] Manager::readBank                        : fileversion = 68, compatVersion = 68 (oldest = 44, newest = 68)
[LOG] Manager::readBank                        : fileversion = 68, compatVersion = 68 (oldest = 44, newest = 68)
[WRN] ObjectLookup::get                        : Lookup failed for BusWithInputs: {6fcb62f8-9a63-4cbf-bc69-8bb5518e3f12}
[WRN] ObjectLookup::get                        : Lookup failed for BusWithInputs: {6fcb62f8-9a63-4cbf-bc69-8bb5518e3f12}
[LOG] SoundI::release                          : (null) (0x12a0cde68)
[LOG] SoundI::release                          : remove stream samples. (0x12a0cde68)
[LOG] SoundI::release                          :     (null) (0x128ff1d48)
[LOG] SoundI::release                          : release subsounds. (0x12a0cde68)
[LOG] SoundI::release                          :     (null) (0x128f75468)
[LOG] SoundI::release                          : release codec. (0x12a0cde68)
[LOG] SoundI::release                          : (null) (0x1292ebd48)
[LOG] SoundI::release                          : release subsounds. (0x1292ebd48)
[LOG] SoundI::release                          :     (null) (0x174e04ee8)
[LOG] SoundI::release                          : release codec. (0x1292ebd48)
[LOG] SoundI::release                          : (null) (0x1535b22e8)
[LOG] SoundI::release                          : release subsounds. (0x1535b22e8)
[LOG] SoundI::release                          :     (null) (0x132f35bf8)
[LOG] SoundI::release                          : release codec. (0x1535b22e8)
[LOG] SoundI::release                          : (null) (0x132fc1418)
[LOG] SoundI::release                          : release subsounds. (0x132fc1418)
[LOG] SoundI::release                          :     (null) (0x1375d1cf8)
[LOG] SoundI::release                          : release codec. (0x132fc1418)
[LOG] SoundI::release                          : (null) (0x132fa6bd8)
[LOG] SoundI::release                          : release subsounds. (0x132fa6bd8)
[LOG] SoundI::release                          :     (null) (0x1375c93c8)
[LOG] SoundI::release                          : release codec. (0x132fa6bd8)
[LOG] SoundI::release                          : (null) (0x1292ed828)
[LOG] SoundI::release                          : release subsounds. (0x1292ed828)
[LOG] SoundI::release                          :     (null) (0x174e5c5b8)
[LOG] SoundI::release                          : release codec. (0x1292ed828)
[LOG] SoundI::release                          : (null) (0x15356a8c8)
[LOG] SoundI::release                          : release subsounds. (0x15356a8c8)
[LOG] SoundI::release                          :     (null) (0x132f9ef48)
[LOG] SoundI::release                          : release codec. (0x15356a8c8)
[LOG] SoundI::release                          : (null) (0x137506218)
[LOG] SoundI::release                          : release subsounds. (0x137506218)
[LOG] SoundI::release                          :     (null) (0x128fd0288)
[LOG] SoundI::release                          : release codec. (0x137506218)
[LOG] SoundI::release                          : (null) (0x1375aa028)
[LOG] SoundI::release                          : release subsounds. (0x1375aa028)
[LOG] SoundI::release                          :     (null) (0x128fc0fd8)
[LOG] SoundI::release                          : release codec. (0x1375aa028)
[LOG] SoundI::release                          : (null) (0x132f163a8)
[LOG] SoundI::release                          : release subsounds. (0x132f163a8)
[LOG] SoundI::release                          :     (null) (0x174e5d038)
[LOG] SoundI::release                          : release codec. (0x132f163a8)
[LOG] SoundI::release                          : (null) (0x132fb7b68)
[LOG] SoundI::release                          : release subsounds. (0x132fb7b68)
[LOG] SoundI::release                          :     (null) (0x128f78de8)
[LOG] SoundI::release                          : release codec. (0x132fb7b68)
[LOG] SoundI::release                          : (null) (0x1292eb338)
[LOG] SoundI::release                          : release subsounds. (0x1292eb338)
[LOG] SoundI::release                          :     (null) (0x128f6cf68)
[LOG] SoundI::release                          : release codec. (0x1292eb338)
[LOG] SoundI::release                          : (null) (0x132fc4c28)
[LOG] SoundI::release                          : release subsounds. (0x132fc4c28)
[LOG] SoundI::release                          :     (null) (0x1292f0068)
[LOG] SoundI::release                          : release codec. (0x132fc4c28)
[LOG] SoundI::release                          : (null) (0x1292eb808)
[LOG] SoundI::release                          : release subsounds. (0x1292eb808)
[LOG] SoundI::release                          :     (null) (0x174e04b48)
[LOG] SoundI::release                          : release codec. (0x1292eb808)
[LOG] SoundI::release                          : (null) (0x132f5e5c8)
[LOG] SoundI::release                          : release subsounds. (0x132f5e5c8)
[LOG] SoundI::release                          :     (null) (0x1375ea3c8)
[LOG] SoundI::release                          : release codec. (0x132f5e5c8)
[LOG] SoundI::release                          : (null) (0x132f5ff28)
[LOG] SoundI::release                          : release subsounds. (0x132f5ff28)
[LOG] SoundI::release                          :     (null) (0x1375ecda8)
[LOG] SoundI::release                          : release codec. (0x132f5ff28)
[LOG] SoundI::release                          : (null) (0x1292ec058)
[LOG] SoundI::release                          : release subsounds. (0x1292ec058)
[LOG] SoundI::release                          :     (null) (0x1375d9568)
[LOG] SoundI::release                          : release codec. (0x1292ec058)
[LOG] SoundI::release                          : (null) (0x153585318)
[LOG] SoundI::release                          : release subsounds. (0x153585318)
[LOG] SoundI::release                          :     (null) (0x128f6b418)
[LOG] SoundI::release                          : release codec. (0x153585318)
[LOG] SoundI::release                          : (null) (0x132f70478)
[LOG] SoundI::release                          : release subsounds. (0x132f70478)
[LOG] SoundI::release                          :     (null) (0x174e3c118)
[LOG] SoundI::release                          : release codec. (0x132f70478)
[LOG] SoundI::release                          : (null) (0x1292ed3e8)
[LOG] SoundI::release                          : release subsounds. (0x1292ed3e8)
[LOG] SoundI::release                          :     (null) (0x174e5c428)
[LOG] SoundI::release                          : release codec. (0x1292ed3e8)
[LOG] SoundI::release                          : (null) (0x132f9ac68)
[LOG] SoundI::release                          : release subsounds. (0x132f9ac68)
[LOG] SoundI::release                          :     (null) (0x174e4e958)
[LOG] SoundI::release                          : release codec. (0x132f9ac68)
[LOG] SoundI::release                          : (null) (0x132fa2c28)
[LOG] SoundI::release                          : release subsounds. (0x132fa2c28)
[LOG] SoundI::release                          :     (null) (0x174e3c6c8)
[LOG] SoundI::release                          : release codec. (0x132fa2c28)
[LOG] SoundI::release                          : (null) (0x128feb358)
[LOG] SoundI::release                          : release subsounds. (0x128feb358)
[LOG] SoundI::release                          :     (null) (0x1375eb2c8)
[LOG] SoundI::release                          : release codec. (0x128feb358)
[LOG] SoundI::release                          : (null) (0x1292ecb58)
[LOG] SoundI::release                          : release subsounds. (0x1292ecb58)
[LOG] SoundI::release                          :     (null) (0x128f534a8)
[LOG] SoundI::release                          : release codec. (0x1292ecb58)
[LOG] SoundI::release                          : (null) (0x132f6e6f8)
[LOG] SoundI::release                          : release subsounds. (0x132f6e6f8)
[LOG] SoundI::release                          :     (null) (0x174e63e48)
[LOG] SoundI::release                          : release codec. (0x132f6e6f8)
[LOG] SoundI::release                          : (null) (0x1375b1cf8)
[LOG] SoundI::release                          : release subsounds. (0x1375b1cf8)
[LOG] SoundI::release                          :     (null) (0x1375c2668)
[LOG] SoundI::release                          : release codec. (0x1375b1cf8)
[LOG] SoundI::release                          : (null) (0x132f8c498)
[LOG] SoundI::release                          : release subsounds. (0x132f8c498)
[LOG] SoundI::release                          :     (null) (0x10a9b1928)
[LOG] SoundI::release                          : release codec. (0x132f8c498)
[LOG] SoundI::release                          : (null) (0x132fb8928)
[LOG] SoundI::release                          : release subsounds. (0x132fb8928)
[LOG] SoundI::release                          :     (null) (0x1292f3268)
[LOG] SoundI::release                          : release codec. (0x132fb8928)
[LOG] SoundI::release                          : (null) (0x1375b67c8)
[LOG] SoundI::release                          : release subsounds. (0x1375b67c8)
[LOG] SoundI::release                          :     (null) (0x128f84e18)
[LOG] SoundI::release                          : release codec. (0x1375b67c8)
[LOG] SoundI::release                          : (null) (0x1375c37e8)
[LOG] SoundI::release                          : release subsounds. (0x1375c37e8)
[LOG] SoundI::release                          :     (null) (0x13759f948)
[LOG] SoundI::release                          : release codec. (0x1375c37e8)
[LOG] SoundI::release                          : (null) (0x1292ea1d8)
[LOG] SoundI::release                          : release subsounds. (0x1292ea1d8)
[LOG] SoundI::release                          :     (null) (0x1375e0ed8)
[LOG] SoundI::release                          : release codec. (0x1292ea1d8)
[LOG] SoundI::release                          : (null) (0x1535ed878)
[LOG] SoundI::release                          : release subsounds. (0x1535ed878)
[LOG] SoundI::release                          :     (null) (0x1292eec48)
[LOG] SoundI::release                          : release codec. (0x1535ed878)
[LOG] SoundI::release                          : (null) (0x132fcffe8)
[LOG] SoundI::release                          : release subsounds. (0x132fcffe8)
[LOG] SoundI::release                          :     (null) (0x128f7a418)
[LOG] SoundI::release                          : release codec. (0x132fcffe8)
[LOG] SoundI::release                          : (null) (0x132fd4cd8)
[LOG] SoundI::release                          : release subsounds. (0x132fd4cd8)
[LOG] SoundI::release                          :     (null) (0x128f7e618)
[LOG] SoundI::release                          : release codec. (0x132fd4cd8)
[LOG] SoundI::release                          : (null) (0x1292ede58)
[LOG] SoundI::release                          : release subsounds. (0x1292ede58)
[LOG] SoundI::release                          :     (null) (0x128f2ebb8)
[LOG] SoundI::release                          : release codec. (0x1292ede58)
[LOG] SoundI::release                          : (null) (0x132f92658)
[LOG] SoundI::release                          : release subsounds. (0x132f92658)
[LOG] SoundI::release                          :     (null) (0x1292f2208)
[LOG] SoundI::release                          : release codec. (0x132f92658)
[LOG] SoundI::release                          : (null) (0x1292e9bd8)
[LOG] SoundI::release                          : release subsounds. (0x1292e9bd8)
[LOG] SoundI::release                          :     (null) (0x153586db8)
[LOG] SoundI::release                          : release codec. (0x1292e9bd8)
[LOG] SoundI::release                          : (null) (0x1292e9068)
[LOG] SoundI::release                          : release subsounds. (0x1292e9068)
[LOG] SoundI::release                          :     (null) (0x132f70778)
[LOG] SoundI::release                          : release codec. (0x1292e9068)
[LOG] SoundI::release                          : (null) (0x1535ec9d8)
[LOG] SoundI::release                          : release subsounds. (0x1535ec9d8)
[LOG] SoundI::release                          :     (null) (0x132f11b28)
[LOG] SoundI::release                          : release codec. (0x1535ec9d8)
[LOG] SoundI::release                          : (null) (0x1292eaa48)
[LOG] SoundI::release                          : release subsounds. (0x1292eaa48)
[LOG] SoundI::release                          :     (null) (0x153584e68)
[LOG] SoundI::release                          : release codec. (0x1292eaa48)
[LOG] SoundI::release                          : (null) (0x132f1c518)
[LOG] SoundI::release                          : release subsounds. (0x132f1c518)
[LOG] SoundI::release                          :     (null) (0x132f216e8)
[LOG] SoundI::release                          : release codec. (0x132f1c518)
[LOG] SoundI::release                          : (null) (0x132f0aef8)
[LOG] SoundI::release                          : release subsounds. (0x132f0aef8)
[LOG] SoundI::release                          :     (null) (0x132f83bc8)
[LOG] SoundI::release                          : release codec. (0x132f0aef8)
[LOG] SoundI::release                          : (null) (0x128f802c8)
[LOG] SoundI::release                          : release subsounds. (0x128f802c8)
[LOG] SoundI::release                          :     (null) (0x1292f2078)
[LOG] SoundI::release                          : release codec. (0x128f802c8)
[LOG] SoundI::release                          : (null) (0x1292e8758)
[LOG] SoundI::release                          : release subsounds. (0x1292e8758)
[LOG] SoundI::release                          :     (null) (0x1292e9ee8)
[LOG] SoundI::release                          : release codec. (0x1292e8758)
[LOG] SoundI::release                          : (null) (0x1292e8d58)
[LOG] SoundI::release                          : release subsounds. (0x1292e8d58)
[LOG] SoundI::release                          :     (null) (0x1292ead08)
[LOG] SoundI::release                          : release codec. (0x1292e8d58)
[LOG] SoundI::release                          : (null) (0x132f3e6d8)
[LOG] SoundI::release                          : release subsounds. (0x132f3e6d8)
[LOG] SoundI::release                          :     (null) (0x1292eb1a8)
[LOG] SoundI::release                          : release codec. (0x132f3e6d8)
[LOG] SoundI::release                          : (null) (0x132f2c488)
[LOG] SoundI::release                          : release subsounds. (0x132f2c488)
[LOG] SoundI::release                          :     (null) (0x1292eb648)
[LOG] SoundI::release                          : release codec. (0x132f2c488)
[LOG] SoundI::release                          : (null) (0x132fd5e48)
[LOG] SoundI::release                          : release subsounds. (0x132fd5e48)
[LOG] SoundI::release                          :     (null) (0x137591898)
[LOG] SoundI::release                          : release codec. (0x132fd5e48)
[LOG] Thread::callback                         : * FMOD Studio update thread finished
[LOG] Thread::close                            : FMOD Studio update thread thread destroyed
[LOG] Thread::callback                         : * FMOD Studio load thread finished
[LOG] Thread::close                            : FMOD Studio load thread thread destroyed
[LOG] Profile::disconnectAll                   : Profiler disconnecting all clients
[LOG] LiveUpdate::release                      : 
[LOG] SystemI::close                           : 
[LOG] SystemI::close                           : Stop all sounds
[LOG] Thread::callback                         : * FMOD stream thread finished
[LOG] Thread::close                            : FMOD stream thread thread destroyed
[LOG] SystemI::close                           : Stream thread destroyed
[LOG] SystemI::close                           : Shut down output.
[LOG] Thread::callback                         : * FMOD mixer thread finished
[LOG] Thread::close                            : FMOD mixer thread thread destroyed
[LOG] SystemI::close                           : Free master channel group.
[LOG] SystemI::close                           : Remove 'master' sound group.
[LOG] SystemI::close                           : Free software output.
[LOG] SystemI::close                           : Free emulated output.
[LOG] SystemI::close                           : Free channel pool.
[LOG] SystemI::close                           : Remove miscllaneous DSP stuff.
[LOG] SystemI::close                           : done.

[LOG] Manager::readBank                        : fileversion = 68, compatVersion = 68 (oldest = 44, newest = 68)
[LOG] Thread::callback                         : * FMOD Studio load thread finished
[LOG] Thread::close                            : FMOD Studio load thread thread destroyed
[LOG] LiveUpdate::release                      : 
[LOG] SystemI::close                           : 
[LOG] SystemI::close                           : Stop all sounds
[LOG] Thread::callback                         : * FMOD stream thread finished
[LOG] Thread::close                            : FMOD stream thread thread destroyed
[LOG] SystemI::close                           : Stream thread destroyed
[LOG] SystemI::close                           : Shut down output.
[LOG] Thread::callback                         : * FMOD mixer thread finished
[LOG] Thread::close                            : FMOD mixer thread thread destroyed
[LOG] SystemI::close                           : Free master channel group.
[LOG] SystemI::close                           : Remove 'master' sound group.
[LOG] SystemI::close                           : Free software output.
[LOG] SystemI::close                           : Free emulated output.
[LOG] SystemI::close                           : Free channel pool.
[LOG] SystemI::close                           : Remove miscllaneous DSP stuff.
[LOG] SystemI::close                           : done.

[LOG] System::create                           : Header version = 1.07.06. Current version = 1.07.06.
